<?xml version="1.0" encoding="UTF-8"?>
<testng-results skipped="0" failed="0" total="1" passed="1">
  <reporter-output>
  </reporter-output>
  <suite name="Suite" duration-ms="53530" started-at="2017-06-05T23:22:36Z" finished-at="2017-06-05T23:23:29Z">
    <groups>
    </groups>
    <test name="Test" duration-ms="53530" started-at="2017-06-05T23:22:36Z" finished-at="2017-06-05T23:23:29Z">
      <class name="NitinTest.DemoWebdriver.NewTest.NewTest">
        <test-method status="PASS" signature="beforeTest()[pri:0, instance:NitinTest.DemoWebdriver.NewTest.NewTest@1e88b3c]" name="beforeTest" is-config="true" duration-ms="33472" started-at="2017-06-06T04:52:36Z" finished-at="2017-06-06T04:53:09Z">
          <reporter-output>
          </reporter-output>
        </test-method> <!-- beforeTest -->
        <test-method status="PASS" signature="testEasy()[pri:0, instance:NitinTest.DemoWebdriver.NewTest.NewTest@1e88b3c]" name="testEasy" duration-ms="19398" started-at="2017-06-06T04:53:09Z" finished-at="2017-06-06T04:53:28Z">
          <reporter-output>
          </reporter-output>
        </test-method> <!-- testEasy -->
        <test-method status="PASS" signature="afterTest()[pri:0, instance:NitinTest.DemoWebdriver.NewTest.NewTest@1e88b3c]" name="afterTest" is-config="true" duration-ms="629" started-at="2017-06-06T04:53:28Z" finished-at="2017-06-06T04:53:29Z">
          <reporter-output>
          </reporter-output>
        </test-method> <!-- afterTest -->
      </class> <!-- NitinTest.DemoWebdriver.NewTest.NewTest -->
    </test> <!-- Test -->
  </suite> <!-- Suite -->
</testng-results>
